<?xml version="1.0" encoding="UTF-8"?>
<testsuite name="AppleTest" tests="1" skipped="0" failures="0" errors="0" timestamp="2019-04-25T12:40:48" hostname="DESKTOP-4QMGUSV" time="0.014">
  <properties/>
  <testcase name="getApple_returnName_equalsGivenName" classname="AppleTest" time="0.014"/>
  <system-out><![CDATA[]]></system-out>
  <system-err><![CDATA[]]></system-err>
</testsuite>
